<?xml version="1.0" encoding="UTF-8" ?>
<testsuite errors="0" failures="0" hostname="IP-118-202-12-198.neu.edu.cn" name="neustt.fourinarow.tests.GridPositionTest" skipped="0" tests="15" time="0.196" timestamp="2018-04-18T07:59:56">
  <properties>
    <property name="java.vendor" value="Oracle Corporation" />
    <property name="coverage.summaryxml.dir" value="/Users/apple/Documents/IdeaProjects/FourInARow/reports/cobertura-summary-xml" />
    <property name="libs" value="/Users/apple/Documents/IdeaProjects/FourInARow/libs" />
    <property name="sun.java.launcher" value="SUN_STANDARD" />
    <property name="sun.management.compiler" value="HotSpot 64-Bit Tiered Compilers" />
    <property name="dist" value="/Users/apple/Documents/IdeaProjects/FourInARow/dist" />
    <property name="os.name" value="Mac OS X" />
    <property name="sun.boot.class.path" value="/Library/Java/JavaVirtualMachines/jdk1.8.0_111.jdk/Contents/Home/jre/lib/resources.jar:/Library/Java/JavaVirtualMachines/jdk1.8.0_111.jdk/Contents/Home/jre/lib/rt.jar:/Library/Java/JavaVirtualMachines/jdk1.8.0_111.jdk/Contents/Home/jre/lib/sunrsasign.jar:/Library/Java/JavaVirtualMachines/jdk1.8.0_111.jdk/Contents/Home/jre/lib/jsse.jar:/Library/Java/JavaVirtualMachines/jdk1.8.0_111.jdk/Contents/Home/jre/lib/jce.jar:/Library/Java/JavaVirtualMachines/jdk1.8.0_111.jdk/Contents/Home/jre/lib/charsets.jar:/Library/Java/JavaVirtualMachines/jdk1.8.0_111.jdk/Contents/Home/jre/lib/jfr.jar:/Library/Java/JavaVirtualMachines/jdk1.8.0_111.jdk/Contents/Home/jre/classes" />
    <property name="reports.html.dir" value="/Users/apple/Documents/IdeaProjects/FourInARow/reports/junit-html" />
    <property name="TODAY" value="April 18 2018" />
    <property name="user.country.format" value="CN" />
    <property name="java.vm.specification.vendor" value="Oracle Corporation" />
    <property name="ant.home" value="/Applications/IntelliJ IDEA.app/Contents/lib/ant" />
    <property name="java.runtime.version" value="1.8.0_111-b14" />
    <property name="user.name" value="apple" />
    <property name="user.language" value="en" />
    <property name="build" value="/Users/apple/Documents/IdeaProjects/FourInARow/build" />
    <property name="sun.boot.library.path" value="/Library/Java/JavaVirtualMachines/jdk1.8.0_111.jdk/Contents/Home/jre/lib" />
    <property name="reports.dir" value="/Users/apple/Documents/IdeaProjects/FourInARow/reports" />
    <property name="ant.project.default-target" value="coverage" />
    <property name="ant.project.name" value="FourInARow" />
    <property name="DSTAMP" value="20180418" />
    <property name="java.version" value="1.8.0_111" />
    <property name="coverage.html.dir" value="/Users/apple/Documents/IdeaProjects/FourInARow/reports/cobertura-html" />
    <property name="user.timezone" value="" />
    <property name="sun.arch.data.model" value="64" />
    <property name="java.endorsed.dirs" value="/Library/Java/JavaVirtualMachines/jdk1.8.0_111.jdk/Contents/Home/jre/lib/endorsed" />
    <property name="sun.cpu.isalist" value="" />
    <property name="sun.jnu.encoding" value="UTF-8" />
    <property name="file.encoding.pkg" value="sun.io" />
    <property name="file.separator" value="/" />
    <property name="java.specification.name" value="Java Platform API Specification" />
    <property name="java.class.version" value="52.0" />
    <property name="src" value="/Users/apple/Documents/IdeaProjects/FourInARow/src" />
    <property name="user.country" value="US" />
    <property name="java.home" value="/Library/Java/JavaVirtualMachines/jdk1.8.0_111.jdk/Contents/Home/jre" />
    <property name="java.vm.info" value="mixed mode" />
    <property name="ant.file" value="/Users/apple/Documents/IdeaProjects/FourInARow/build.xml" />
    <property name="os.version" value="10.13.3" />
    <property name="path.separator" value=":" />
    <property name="java.vm.version" value="25.111-b14" />
    <property name="docs" value="/Users/apple/Documents/IdeaProjects/FourInARow/docs" />
    <property name="ant.library.dir" value="/Applications/IntelliJ IDEA.app/Contents/lib/ant/lib" />
    <property name="java.awt.printerjob" value="sun.lwawt.macosx.CPrinterJob" />
    <property name="sun.io.unicode.encoding" value="UnicodeBig" />
    <property name="awt.toolkit" value="sun.lwawt.macosx.LWCToolkit" />
    <property name="reports.xml.dir" value="/Users/apple/Documents/IdeaProjects/FourInARow/reports/junit-xml" />
    <property name="user.home" value="/Users/apple" />
    <property name="java.specification.vendor" value="Oracle Corporation" />
    <property name="coverage.xml.dir" value="/Users/apple/Documents/IdeaProjects/FourInARow/reports/cobertura-xml" />
    <property name="java.library.path" value="/Users/apple/Library/Java/Extensions:/Library/Java/Extensions:/Network/Library/Java/Extensions:/System/Library/Java/Extensions:/usr/lib/java:." />
    <property name="java.vendor.url" value="http://java.oracle.com/" />
    <property name="java.vm.vendor" value="Oracle Corporation" />
    <property name="gopherProxySet" value="false" />
    <property name="java.runtime.name" value="Java(TM) SE Runtime Environment" />
    <property name="sun.java.command" value="org.apache.tools.ant.taskdefs.optional.junit.JUnitTestRunner neustt.fourinarow.tests.GridPositionTest skipNonTests=false filtertrace=true haltOnError=false haltOnFailure=false formatter=org.apache.tools.ant.taskdefs.optional.junit.SummaryJUnitResultFormatter showoutput=false outputtoformatters=true logfailedtests=true threadid=0 logtestlistenerevents=false formatter=org.apache.tools.ant.taskdefs.optional.junit.XMLJUnitResultFormatter,/Users/apple/Documents/IdeaProjects/FourInARow/reports/junit-xml/TEST-neustt.fourinarow.tests.GridPositionTest.xml crashfile=/Users/apple/Documents/IdeaProjects/FourInARow/junitvmwatcher1697169282421326216.properties propsfile=/Users/apple/Documents/IdeaProjects/FourInARow/junit6240227487652298969.properties" />
    <property name="java.class.path" value="/Users/apple/Documents/IdeaProjects/FourInARow/instrumented:/Library/Java/JavaVirtualMachines/jdk1.8.0_111.jdk/Contents/Home/lib/ant-javafx.jar:/Library/Java/JavaVirtualMachines/jdk1.8.0_111.jdk/Contents/Home/lib/dt.jar:/Library/Java/JavaVirtualMachines/jdk1.8.0_111.jdk/Contents/Home/lib/javafx-mx.jar:/Library/Java/JavaVirtualMachines/jdk1.8.0_111.jdk/Contents/Home/lib/jconsole.jar:/Library/Java/JavaVirtualMachines/jdk1.8.0_111.jdk/Contents/Home/lib/packager.jar:/Library/Java/JavaVirtualMachines/jdk1.8.0_111.jdk/Contents/Home/lib/sa-jdi.jar:/Library/Java/JavaVirtualMachines/jdk1.8.0_111.jdk/Contents/Home/lib/tools.jar:/Applications/IntelliJ IDEA.app/Contents/lib/ant/lib/ant-commons-net.jar:/Applications/IntelliJ IDEA.app/Contents/lib/ant/lib/ant-junit4.jar:/Applications/IntelliJ IDEA.app/Contents/lib/ant/lib/ant-jai.jar:/Applications/IntelliJ IDEA.app/Contents/lib/ant/lib/ant-apache-resolver.jar:/Applications/IntelliJ IDEA.app/Contents/lib/ant/lib/ant-jdepend.jar:/Applications/IntelliJ IDEA.app/Contents/lib/ant/lib/ant-apache-regexp.jar:/Applications/IntelliJ IDEA.app/Contents/lib/ant/lib/ant-apache-log4j.jar:/Applications/IntelliJ IDEA.app/Contents/lib/ant/lib/ant-javamail.jar:/Applications/IntelliJ IDEA.app/Contents/lib/ant/lib/ant-apache-bcel.jar:/Applications/IntelliJ IDEA.app/Contents/lib/ant/lib/ant.jar:/Applications/IntelliJ IDEA.app/Contents/lib/ant/lib/ant-netrexx.jar:/Applications/IntelliJ IDEA.app/Contents/lib/ant/lib/ant-swing.jar:/Applications/IntelliJ IDEA.app/Contents/lib/ant/lib/ant-jsch.jar:/Applications/IntelliJ IDEA.app/Contents/lib/ant/lib/ant-junit.jar:/Applications/IntelliJ IDEA.app/Contents/lib/ant/lib/ant-launcher.jar:/Applications/IntelliJ IDEA.app/Contents/lib/ant/lib/ant-antlr.jar:/Applications/IntelliJ IDEA.app/Contents/lib/ant/lib/ant-testutil.jar:/Applications/IntelliJ IDEA.app/Contents/lib/ant/lib/ant-apache-oro.jar:/Applications/IntelliJ IDEA.app/Contents/lib/ant/lib/ant-jmf.jar:/Applications/IntelliJ IDEA.app/Contents/lib/ant/lib/ant-apache-xalan2.jar:/Applications/IntelliJ IDEA.app/Contents/lib/ant/lib/ant-apache-bsf.jar:/Applications/IntelliJ IDEA.app/Contents/lib/ant/lib/ant-commons-logging.jar:/Applications/IntelliJ IDEA.app/Contents/lib/idea_rt.jar:/Users/apple/Documents/IdeaProjects/FourInARow/build:/Users/apple/Documents/IdeaProjects/FourInARow/libs/junit-4.12.jar:/Users/apple/Documents/IdeaProjects/FourInARow/libs/hamcrest-core-1.3.jar:/Users/apple/Documents/IdeaProjects/FourInARow/libs/cobertura-2.1.1.jar:/Users/apple/Documents/IdeaProjects/FourInARow/libs/testfx-core-4.0.13-alpha.jar:/Users/apple/Documents/IdeaProjects/FourInARow/libs/testfx-junit-4.0.13-alpha.jar:/Users/apple/Documents/IdeaProjects/FourInARow/libs/lib/asm-5.0.1.jar:/Users/apple/Documents/IdeaProjects/FourInARow/libs/lib/asm-analysis-5.0.1.jar:/Users/apple/Documents/IdeaProjects/FourInARow/libs/lib/asm-commons-5.0.1.jar:/Users/apple/Documents/IdeaProjects/FourInARow/libs/lib/asm-tree-5.0.1.jar:/Users/apple/Documents/IdeaProjects/FourInARow/libs/lib/asm-util-5.0.1.jar:/Users/apple/Documents/IdeaProjects/FourInARow/libs/lib/commons-lang3-3.3.2.jar:/Users/apple/Documents/IdeaProjects/FourInARow/libs/lib/hamcrest-core-1.3.jar:/Users/apple/Documents/IdeaProjects/FourInARow/libs/lib/jaxen-1.1.4.jar:/Users/apple/Documents/IdeaProjects/FourInARow/libs/lib/jetty-6.1.14.jar:/Users/apple/Documents/IdeaProjects/FourInARow/libs/lib/jetty-util-6.1.14.jar:/Users/apple/Documents/IdeaProjects/FourInARow/libs/lib/junit-4.11.jar:/Users/apple/Documents/IdeaProjects/FourInARow/libs/lib/logback-classic-1.0.13.jar:/Users/apple/Documents/IdeaProjects/FourInARow/libs/lib/logback-core-1.0.13.jar:/Users/apple/Documents/IdeaProjects/FourInARow/libs/lib/oro-2.0.8.jar:/Users/apple/Documents/IdeaProjects/FourInARow/libs/lib/servlet-api-2.5-6.1.14.jar:/Users/apple/Documents/IdeaProjects/FourInARow/libs/lib/slf4j-api-1.7.5.jar:/Users/apple/Documents/IdeaProjects/FourInARow" />
    <property name="ant.version" value="Apache Ant(TM) version 1.9.4 compiled on April 29 2014" />
    <property name="TSTAMP" value="1559" />
    <property name="java.vm.specification.name" value="Java Virtual Machine Specification" />
    <property name="ant.file.type" value="file" />
    <property name="java.vm.specification.version" value="1.8" />
    <property name="sun.cpu.endian" value="little" />
    <property name="sun.os.patch.level" value="unknown" />
    <property name="java.io.tmpdir" value="/var/folders/kz/qlm42g290kq17gsq3_5lhhgh0000gn/T/" />
    <property name="java.vendor.url.bug" value="http://bugreport.sun.com/bugreport/" />
    <property name="os.arch" value="x86_64" />
    <property name="java.awt.graphicsenv" value="sun.awt.CGraphicsEnvironment" />
    <property name="instrumented.dir" value="/Users/apple/Documents/IdeaProjects/FourInARow/instrumented" />
    <property name="java.ext.dirs" value="/Users/apple/Library/Java/Extensions:/Library/Java/JavaVirtualMachines/jdk1.8.0_111.jdk/Contents/Home/jre/lib/ext:/Library/Java/Extensions:/Network/Library/Java/Extensions:/System/Library/Java/Extensions:/usr/lib/java" />
    <property name="user.dir" value="/Users/apple/Documents/IdeaProjects/FourInARow" />
    <property name="line.separator" value="&#xa;" />
    <property name="java.vm.name" value="Java HotSpot(TM) 64-Bit Server VM" />
    <property name="basedir" value="/Users/apple/Documents/IdeaProjects/FourInARow" />
    <property name="ant.java.version" value="1.8" />
    <property name="ant.core.lib" value="/Applications/IntelliJ IDEA.app/Contents/lib/ant/lib/ant.jar" />
    <property name="ant.file.type.FourInARow" value="file" />
    <property name="file.encoding" value="UTF-8" />
    <property name="java.specification.version" value="1.8" />
    <property name="ant.project.invoked-targets" value="coverage" />
    <property name="ant.file.FourInARow" value="/Users/apple/Documents/IdeaProjects/FourInARow/build.xml" />
  </properties>
  <testcase classname="neustt.fourinarow.tests.GridPositionTest" name="shouldSetRowWithZeroValue" time="0.132" />
  <testcase classname="neustt.fourinarow.tests.GridPositionTest" name="shouldEqualsNotWorkWhenColumnIsDifferent" time="0.0" />
  <testcase classname="neustt.fourinarow.tests.GridPositionTest" name="shouldSetColumnWithNullValue" time="0.0" />
  <testcase classname="neustt.fourinarow.tests.GridPositionTest" name="shouldEqualsWork" time="0.0" />
  <testcase classname="neustt.fourinarow.tests.GridPositionTest" name="shouldSetRowWithNullValue" time="0.0" />
  <testcase classname="neustt.fourinarow.tests.GridPositionTest" name="shouldThrowExceptionIfColumnIsNegative" time="0.0" />
  <testcase classname="neustt.fourinarow.tests.GridPositionTest" name="shouldEqualsNotWorkWhenRowIsDifferent" time="0.0" />
  <testcase classname="neustt.fourinarow.tests.GridPositionTest" name="shouldThrowExceptionIfRowIsNegative" time="0.0" />
  <testcase classname="neustt.fourinarow.tests.GridPositionTest" name="shouldSetColumnWithPositiveValue" time="0.0" />
  <testcase classname="neustt.fourinarow.tests.GridPositionTest" name="shouldCreateGridPositionWithPositiveValues" time="0.0" />
  <testcase classname="neustt.fourinarow.tests.GridPositionTest" name="shouldToStringWorkCorrectly" time="0.0" />
  <testcase classname="neustt.fourinarow.tests.GridPositionTest" name="shouldSetRowWithPositiveValue" time="0.0" />
  <testcase classname="neustt.fourinarow.tests.GridPositionTest" name="shouldSetColumnWithValueOne" time="0.0" />
  <testcase classname="neustt.fourinarow.tests.GridPositionTest" name="shouldSetRowWithValueOne" time="0.0" />
  <testcase classname="neustt.fourinarow.tests.GridPositionTest" name="shouldSetColumnWithZeroValue" time="0.0" />
  <system-out><![CDATA[]]></system-out>
  <system-err><![CDATA[]]></system-err>
</testsuite>
